<?xml version="1.0" encoding="UTF-8"?>
<testsuite xmlns:xsi="http://www.w3.org/2001/XMLSchema-instance" xsi:noNamespaceSchemaLocation="https://maven.apache.org/surefire/maven-surefire-plugin/xsd/surefire-test-report.xsd" name="tests.LoginTest" time="30.398" tests="3" errors="0" skipped="0" failures="0">
  <properties>
[...]
</properties>
  <testcase name="testLoginWithEmptyFields" classname="tests.LoginTest" time="27.176"/>
  <testcase name="testLoginOk" classname="tests.LoginTest" time="1.646"/>
  <testcase name="testLoginNotOk" classname="tests.LoginTest" time="1.563"/>
</testsuite>